SF:lib/core/platform/pigeon/schema.g.dart
DA:11,0
DA:12,0
DA:14,0
DA:18,0
DA:20,0
DA:23,0
DA:25,0
DA:29,3
DA:38,0
DA:39,0
DA:40,0
DA:41,0
DA:45,0
DA:47,0
DA:48,0
DA:49,0
DA:56,3
DA:57,0
DA:59,0
DA:60,0
DA:61,0
DA:62,0
DA:63,0
DA:64,0
DA:66,0
DA:70,0
DA:73,0
DA:74,0
DA:76,0
DA:85,0
DA:87,0
DA:94,0
DA:95,0
DA:96,0
DA:99,0
DA:102,0
DA:104,0
DA:105,0
DA:106,0
DA:107,0
DA:108,0
DA:109,0
DA:111,0
DA:112,0
DA:117,0
DA:127,1
DA:128,1
DA:130,1
DA:131,1
DA:134,0
DA:136,1
DA:137,0
DA:140,0
DA:141,0
DA:144,0
DA:145,0
DA:146,0
DA:147,0
DA:149,0
DA:161,0
DA:163,0
DA:170,0
DA:171,0
DA:172,0
DA:175,0
DA:178,0
DA:180,0
DA:181,0
DA:182,0
DA:183,0
DA:184,0
DA:185,0
DA:187,0
DA:188,0
DA:193,0
LF:75
LH:7
end_of_record
SF:lib/features/qr_scanner/domain/use_cases/save_qr_use_case.dart
DA:14,1
DA:16,1
DA:17,2
LF:3
LH:3
end_of_record
SF:lib/features/qr_scanner/domain/use_cases/on_new_qr_use_case.dart
DA:14,1
DA:16,1
DA:18,2
LF:3
LH:3
end_of_record
SF:lib/features/qr_scanner/data/repositories/qr_repository_impl.dart
DA:16,1
DA:17,1
DA:20,0
DA:22,1
DA:25,2
DA:27,0
DA:28,0
DA:32,0
DA:34,0
DA:37,0
DA:39,0
LF:11
LH:4
end_of_record
